2025-04-01 20:33:07,528 INFO: 街舞社API服务启动 [in d:\日常事务\码农\代码接单\2025.03.28 街舞社官网开发\backend-flask\app\__init__.py:46]
2025-04-01 20:33:10,269 INFO: 应用初始化完成 [in d:\日常事务\码农\代码接单\2025.03.28 街舞社官网开发\backend-flask\app\__init__.py:114]
2025-04-01 20:33:25,855 INFO: 街舞社API服务启动 [in d:\日常事务\码农\代码接单\2025.03.28 街舞社官网开发\backend-flask\app\__init__.py:46]
2025-04-01 20:33:28,579 INFO: 应用初始化完成 [in d:\日常事务\码农\代码接单\2025.03.28 街舞社官网开发\backend-flask\app\__init__.py:114]
2025-04-01 20:33:38,227 INFO: 街舞社API服务启动 [in D:\日常事务\码农\代码接单\2025.03.28 街舞社官网开发\backend-flask\app\__init__.py:46]
2025-04-01 20:33:38,256 INFO: 收到重置数据库命令，正在重置数据库... [in D:\日常事务\码农\代码接单\2025.03.28 街舞社官网开发\backend-flask\app\__init__.py:69]
2025-04-01 20:33:40,904 INFO: 数据库重置完成 [in D:\日常事务\码农\代码接单\2025.03.28 街舞社官网开发\backend-flask\app\__init__.py:73]
2025-04-01 20:33:40,942 INFO: 应用初始化完成 [in D:\日常事务\码农\代码接单\2025.03.28 街舞社官网开发\backend-flask\app\__init__.py:124]
2025-04-01 20:44:27,092 INFO: 街舞社API服务启动 [in D:\日常事务\码农\代码接单\2025.03.28 街舞社官网开发\backend-flask\app\__init__.py:46]
2025-04-01 20:44:27,130 INFO: 收到重置数据库命令，正在重置数据库... [in D:\日常事务\码农\代码接单\2025.03.28 街舞社官网开发\backend-flask\app\__init__.py:69]
2025-04-01 20:44:29,808 INFO: 数据库重置完成 [in D:\日常事务\码农\代码接单\2025.03.28 街舞社官网开发\backend-flask\app\__init__.py:73]
2025-04-01 20:44:29,854 INFO: 应用初始化完成 [in D:\日常事务\码农\代码接单\2025.03.28 街舞社官网开发\backend-flask\app\__init__.py:124]
2025-04-01 20:44:41,036 INFO: 街舞社API服务启动 [in d:\日常事务\码农\代码接单\2025.03.28 街舞社官网开发\backend-flask\app\__init__.py:46]
2025-04-01 20:44:41,108 INFO: 应用初始化完成 [in d:\日常事务\码农\代码接单\2025.03.28 街舞社官网开发\backend-flask\app\__init__.py:124]
2025-04-01 20:44:42,076 INFO: 街舞社API服务启动 [in d:\日常事务\码农\代码接单\2025.03.28 街舞社官网开发\backend-flask\app\__init__.py:46]
2025-04-01 20:44:42,178 INFO: 应用初始化完成 [in d:\日常事务\码农\代码接单\2025.03.28 街舞社官网开发\backend-flask\app\__init__.py:124]
2025-04-01 20:44:43,729 INFO: 街舞社API服务启动 [in D:\日常事务\码农\代码接单\2025.03.28 街舞社官网开发\backend-flask\app\__init__.py:46]
2025-04-01 20:44:43,773 INFO: 收到重置数据库命令，正在重置数据库... [in D:\日常事务\码农\代码接单\2025.03.28 街舞社官网开发\backend-flask\app\__init__.py:69]
2025-04-01 20:44:46,459 INFO: 数据库重置完成 [in D:\日常事务\码农\代码接单\2025.03.28 街舞社官网开发\backend-flask\app\__init__.py:73]
2025-04-01 20:44:46,496 INFO: 应用初始化完成 [in D:\日常事务\码农\代码接单\2025.03.28 街舞社官网开发\backend-flask\app\__init__.py:124]
2025-04-01 20:45:04,605 INFO: 开始邮件发送过程，目标邮箱: alexphant@mail.dlut.edu.cn [in d:\日常事务\码农\代码接单\2025.03.28 街舞社官网开发\backend-flask\app\utils\email.py:41]
2025-04-01 20:45:04,606 INFO: 邮箱 alexphant@mail.dlut.edu.cn 是有效的大连理工大学邮箱 [in d:\日常事务\码农\代码接单\2025.03.28 街舞社官网开发\backend-flask\app\utils\email.py:46]
2025-04-01 20:45:04,606 INFO: 邮件配置: 服务器=smtp.gmail.com, 端口=587, SSL=False, TLS=True, 用户名=dut.flexcrew@gmail.com [in d:\日常事务\码农\代码接单\2025.03.28 街舞社官网开发\backend-flask\app\utils\email.py:57]
2025-04-01 20:45:04,608 INFO: 正在连接到SMTP服务器... [in d:\日常事务\码农\代码接单\2025.03.28 街舞社官网开发\backend-flask\app\utils\email.py:84]
2025-04-01 20:45:04,608 INFO: 使用普通连接到 smtp.gmail.com:587 [in d:\日常事务\码农\代码接单\2025.03.28 街舞社官网开发\backend-flask\app\utils\email.py:91]
2025-04-01 20:45:06,229 INFO: 启用TLS加密 [in d:\日常事务\码农\代码接单\2025.03.28 街舞社官网开发\backend-flask\app\utils\email.py:94]
2025-04-01 20:45:06,655 INFO: 正在登录邮箱账号: dut.flexcrew@gmail.com [in d:\日常事务\码农\代码接单\2025.03.28 街舞社官网开发\backend-flask\app\utils\email.py:98]
2025-04-01 20:45:07,160 INFO: 正在发送邮件到: alexphant@mail.dlut.edu.cn [in d:\日常事务\码农\代码接单\2025.03.28 街舞社官网开发\backend-flask\app\utils\email.py:102]
2025-04-01 20:45:08,364 INFO: 关闭SMTP连接 [in d:\日常事务\码农\代码接单\2025.03.28 街舞社官网开发\backend-flask\app\utils\email.py:106]
2025-04-01 20:45:08,543 INFO: 成功发送验证码到 alexphant@mail.dlut.edu.cn [in d:\日常事务\码农\代码接单\2025.03.28 街舞社官网开发\backend-flask\app\utils\email.py:109]
2025-04-01 20:46:03,444 INFO: 开始邮件发送过程，目标邮箱: 666@mail.dlut.edu.cn [in d:\日常事务\码农\代码接单\2025.03.28 街舞社官网开发\backend-flask\app\utils\email.py:41]
2025-04-01 20:46:03,445 INFO: 邮箱 666@mail.dlut.edu.cn 是有效的大连理工大学邮箱 [in d:\日常事务\码农\代码接单\2025.03.28 街舞社官网开发\backend-flask\app\utils\email.py:46]
2025-04-01 20:46:03,446 INFO: 邮件配置: 服务器=smtp.gmail.com, 端口=587, SSL=False, TLS=True, 用户名=dut.flexcrew@gmail.com [in d:\日常事务\码农\代码接单\2025.03.28 街舞社官网开发\backend-flask\app\utils\email.py:57]
2025-04-01 20:46:03,447 INFO: 正在连接到SMTP服务器... [in d:\日常事务\码农\代码接单\2025.03.28 街舞社官网开发\backend-flask\app\utils\email.py:84]
2025-04-01 20:46:03,448 INFO: 使用普通连接到 smtp.gmail.com:587 [in d:\日常事务\码农\代码接单\2025.03.28 街舞社官网开发\backend-flask\app\utils\email.py:91]
2025-04-01 20:46:04,346 INFO: 启用TLS加密 [in d:\日常事务\码农\代码接单\2025.03.28 街舞社官网开发\backend-flask\app\utils\email.py:94]
2025-04-01 20:46:04,760 INFO: 正在登录邮箱账号: dut.flexcrew@gmail.com [in d:\日常事务\码农\代码接单\2025.03.28 街舞社官网开发\backend-flask\app\utils\email.py:98]
2025-04-01 20:46:05,267 INFO: 正在发送邮件到: 666@mail.dlut.edu.cn [in d:\日常事务\码农\代码接单\2025.03.28 街舞社官网开发\backend-flask\app\utils\email.py:102]
2025-04-01 20:46:06,443 INFO: 关闭SMTP连接 [in d:\日常事务\码农\代码接单\2025.03.28 街舞社官网开发\backend-flask\app\utils\email.py:106]
2025-04-01 20:46:06,617 INFO: 成功发送验证码到 666@mail.dlut.edu.cn [in d:\日常事务\码农\代码接单\2025.03.28 街舞社官网开发\backend-flask\app\utils\email.py:109]
2025-04-01 20:47:34,215 INFO: 街舞社API服务启动 [in D:\日常事务\码农\代码接单\2025.03.28 街舞社官网开发\backend-flask\app\__init__.py:46]
2025-04-01 20:47:34,240 INFO: 收到重置数据库命令，正在重置数据库... [in D:\日常事务\码农\代码接单\2025.03.28 街舞社官网开发\backend-flask\app\__init__.py:69]
2025-04-01 20:47:36,852 INFO: 数据库重置完成 [in D:\日常事务\码农\代码接单\2025.03.28 街舞社官网开发\backend-flask\app\__init__.py:73]
2025-04-01 20:47:36,879 INFO: 应用初始化完成 [in D:\日常事务\码农\代码接单\2025.03.28 街舞社官网开发\backend-flask\app\__init__.py:124]
2025-04-01 20:48:29,982 INFO: 街舞社API服务启动 [in d:\日常事务\码农\代码接单\2025.03.28 街舞社官网开发\backend-flask\app\__init__.py:46]
2025-04-01 20:48:30,044 INFO: 应用初始化完成 [in d:\日常事务\码农\代码接单\2025.03.28 街舞社官网开发\backend-flask\app\__init__.py:124]
2025-04-01 20:48:30,765 INFO: 街舞社API服务启动 [in d:\日常事务\码农\代码接单\2025.03.28 街舞社官网开发\backend-flask\app\__init__.py:46]
2025-04-01 20:48:30,834 INFO: 应用初始化完成 [in d:\日常事务\码农\代码接单\2025.03.28 街舞社官网开发\backend-flask\app\__init__.py:124]
2025-04-01 20:49:22,282 INFO: 开始邮件发送过程，目标邮箱: alexphant@mail.dlut.edu.cn [in d:\日常事务\码农\代码接单\2025.03.28 街舞社官网开发\backend-flask\app\utils\email.py:41]
2025-04-01 20:49:22,283 INFO: 邮箱 alexphant@mail.dlut.edu.cn 是有效的大连理工大学邮箱 [in d:\日常事务\码农\代码接单\2025.03.28 街舞社官网开发\backend-flask\app\utils\email.py:46]
2025-04-01 20:49:22,283 INFO: 邮件配置: 服务器=smtp.gmail.com, 端口=587, SSL=False, TLS=True, 用户名=dut.flexcrew@gmail.com [in d:\日常事务\码农\代码接单\2025.03.28 街舞社官网开发\backend-flask\app\utils\email.py:57]
2025-04-01 20:49:22,285 INFO: 正在连接到SMTP服务器... [in d:\日常事务\码农\代码接单\2025.03.28 街舞社官网开发\backend-flask\app\utils\email.py:84]
2025-04-01 20:49:22,285 INFO: 使用普通连接到 smtp.gmail.com:587 [in d:\日常事务\码农\代码接单\2025.03.28 街舞社官网开发\backend-flask\app\utils\email.py:91]
2025-04-01 20:49:23,074 INFO: 启用TLS加密 [in d:\日常事务\码农\代码接单\2025.03.28 街舞社官网开发\backend-flask\app\utils\email.py:94]
2025-04-01 20:49:23,555 INFO: 正在登录邮箱账号: dut.flexcrew@gmail.com [in d:\日常事务\码农\代码接单\2025.03.28 街舞社官网开发\backend-flask\app\utils\email.py:98]
2025-04-01 20:49:24,107 INFO: 正在发送邮件到: alexphant@mail.dlut.edu.cn [in d:\日常事务\码农\代码接单\2025.03.28 街舞社官网开发\backend-flask\app\utils\email.py:102]
2025-04-01 20:49:25,355 INFO: 关闭SMTP连接 [in d:\日常事务\码农\代码接单\2025.03.28 街舞社官网开发\backend-flask\app\utils\email.py:106]
2025-04-01 20:49:25,549 INFO: 成功发送验证码到 alexphant@mail.dlut.edu.cn [in d:\日常事务\码农\代码接单\2025.03.28 街舞社官网开发\backend-flask\app\utils\email.py:109]
2025-04-01 20:50:05,463 INFO: 街舞社API服务启动 [in d:\日常事务\码农\代码接单\2025.03.28 街舞社官网开发\backend-flask\app\__init__.py:46]
2025-04-01 20:50:05,541 INFO: 应用初始化完成 [in d:\日常事务\码农\代码接单\2025.03.28 街舞社官网开发\backend-flask\app\__init__.py:124]
